2025-09-17 17:44:29 - Query failed: SQLSTATE[42S22]: Column not found: 1054 Unknown column 'admin_email' in 'field list' SQL: INSERT INTO tenants (code, name, domain, status, storage_limit, admin_email, storage_used) VALUES (:code, :name, :domain, :status, :storage_limit, :admin_email, :storage_used)
2025-09-17 17:44:40 - Query failed: SQLSTATE[42S22]: Column not found: 1054 Unknown column 'admin_email' in 'field list' SQL: INSERT INTO tenants (code, name, domain, status, storage_limit, admin_email, storage_used) VALUES (:code, :name, :domain, :status, :storage_limit, :admin_email, :storage_used)
2025-09-17 20:02:19 - Query failed: SQLSTATE[HY093]: Invalid parameter number SQL: SELECT * FROM users
                WHERE tenant_id = :tenant_id
                AND (username = :username OR email = :username)
                AND status = 'active'
2025-09-17 20:02:32 - Query failed: SQLSTATE[HY093]: Invalid parameter number SQL: SELECT * FROM users
                WHERE tenant_id = :tenant_id
                AND (username = :username OR email = :username)
                AND status = 'active'
2025-09-17 20:02:39 - Query failed: SQLSTATE[HY093]: Invalid parameter number SQL: SELECT * FROM users
                WHERE tenant_id = :tenant_id
                AND (username = :username OR email = :username)
                AND status = 'active'
2025-09-17 20:02:41 - Query failed: SQLSTATE[HY093]: Invalid parameter number SQL: SELECT * FROM users
                WHERE tenant_id = :tenant_id
                AND (username = :username OR email = :username)
                AND status = 'active'
2025-09-17 20:02:42 - Query failed: SQLSTATE[HY093]: Invalid parameter number SQL: SELECT * FROM users
                WHERE tenant_id = :tenant_id
                AND (username = :username OR email = :username)
                AND status = 'active'
2025-09-17 20:02:42 - Query failed: SQLSTATE[HY093]: Invalid parameter number SQL: SELECT * FROM users
                WHERE tenant_id = :tenant_id
                AND (username = :username OR email = :username)
                AND status = 'active'
